<?xml version="1.0" encoding="UTF-8"?>
<!-- Generated by org.testng.reporters.JUnitReportReporter -->
<testsuite skipped="0" hostname="DESKTOP-SFM659O" name="testNGTestCases.FlightsTabTestCases" tests="3" failures="0" timestamp="10 May 2018 01:29:01 GMT" time="4.709" errors="0">
  <testcase name="VerifyFlightsTabCanBeClickedReturnMethod" time="2.156" classname="testNGTestCases.FlightsTabTestCases"/>
  <testcase name="VerifyFlightsText" time="1.058" classname="testNGTestCases.FlightsTabTestCases"/>
  <testcase name="VerifyFlightsTabCanBeClicked" time="1.495" classname="testNGTestCases.FlightsTabTestCases"/>
</testsuite> <!-- testNGTestCases.FlightsTabTestCases -->
