<?xml version="1.0" encoding="UTF-8"?>
<!-- Generated by org.testng.reporters.JUnitReportReporter -->
<testsuite skipped="0" hostname="DESKTOP-SFM659O" name="testNGTestCases.TestngTestCases" tests="3" failures="0" timestamp="12 May 2018 02:15:27 GMT" time="0.003" errors="0">
  <testcase name="testMethod3" time="0.001" classname="testNGTestCases.TestngTestCases"/>
  <testcase name="testMethod2" time="0.001" classname="testNGTestCases.TestngTestCases"/>
  <testcase name="testMethod1" time="0.001" classname="testNGTestCases.TestngTestCases"/>
</testsuite> <!-- testNGTestCases.TestngTestCases -->
