<?xml version="1.0" encoding="UTF-8"?>
<!-- Generated by org.testng.reporters.JUnitReportReporter -->
<testsuite skipped="0" hostname="DESKTOP-SFM659O" name="testNGTestCases.TestNG_TestClass2" tests="2" failures="0" timestamp="12 May 2018 02:19:19 GMT" time="7.529" errors="0">
  <testcase name="testMethod1" time="7.526" classname="testNGTestCases.TestNG_TestClass2"/>
  <testcase name="testMethod2" time="0.003" classname="testNGTestCases.TestNG_TestClass2"/>
</testsuite> <!-- testNGTestCases.TestNG_TestClass2 -->
