<?xml version="1.0" encoding="UTF-8"?>
<!-- Generated by org.testng.reporters.JUnitReportReporter -->
<testsuite skipped="0" hostname="DESKTOP-SFM659O" name="testNGTestCases.A_FlightsTabTestCases" tests="3" failures="0" timestamp="12 May 2018 03:49:18 GMT" time="0.697" errors="0">
  <testcase name="VerifyFlightsTabCanBeClickedReturnMethod" time="0.278" classname="testNGTestCases.A_FlightsTabTestCases"/>
  <testcase name="VerifyFlightsTabCanBeClicked" time="0.342" classname="testNGTestCases.A_FlightsTabTestCases"/>
  <testcase name="VerifyFlightsText" time="0.077" classname="testNGTestCases.A_FlightsTabTestCases"/>
</testsuite> <!-- testNGTestCases.A_FlightsTabTestCases -->
